
> sihui@0.1.0 tauri
> tauri build

        Info Looking up installed tauri packages to check mismatched versions...
     Running beforeBuildCommand `npm run build`
Active code page: 65001

> sihui@0.1.0 build
> npm run assets:copy && tsc -b && vite build


> sihui@0.1.0 assets:copy
> node scripts/copy-excalidraw-assets.mjs

[36mvite v6.4.2 [32mbuilding for production...[36m[39m
transforming...
[32m✓[39m 2361 modules transformed.
rendering chunks...
computing gzip size...
[2mdist/[22m[32mmanifest.webmanifest                             [39m[1m[2m    0.30 kB[22m[1m[22m
[2mdist/[22m[32mindex.html                                       [39m[1m[2m    0.54 kB[22m[1m[22m[2m │ gzip:   0.32 kB[22m
[2mdist/[22m[32massets/Assistant-SemiBold-SCI4bEL9.woff2         [39m[1m[2m   20.21 kB[22m[1m[22m
[2mdist/[22m[32massets/Assistant-Regular-DVxZuzxb.woff2          [39m[1m[2m   20.23 kB[22m[1m[22m
[2mdist/[22m[32massets/Assistant-Medium-DrcxCXg3.woff2           [39m[1m[2m   20.32 kB[22m[1m[22m
[2mdist/[22m[32massets/Assistant-Bold-gm-uSS1B.woff2             [39m[1m[2m   20.38 kB[22m[1m[22m
[2mdist/[22m[35massets/index-BMAUNFDn.css                        [39m[1m[2m  149.92 kB[22m[1m[22m[2m │ gzip:  24.06 kB[22m
[2mdist/[22m[36massets/channel-idam4qP6.js                       [39m[1m[2m    0.11 kB[22m[1m[22m[2m │ gzip:   0.12 kB[22m
[2mdist/[22m[36massets/init-Gi6I4Gst.js                          [39m[1m[2m    0.15 kB[22m[1m[22m[2m │ gzip:   0.13 kB[22m
[2mdist/[22m[36massets/chunk-QZHKN3VN-D6_GMIob.js                [39m[1m[2m    0.19 kB[22m[1m[22m[2m │ gzip:   0.16 kB[22m
[2mdist/[22m[36massets/chunk-55IACEB6-DlB4zhW0.js                [39m[1m[2m    0.22 kB[22m[1m[22m[2m │ gzip:   0.20 kB[22m
[2mdist/[22m[36massets/chunk-4BX2VUAB-Dmn8Dr3e.js                [39m[1m[2m    0.29 kB[22m[1m[22m[2m │ gzip:   0.20 kB[22m
[2mdist/[22m[36massets/chunk-FMBD7UC4-BUy5wzIc.js                [39m[1m[2m    0.36 kB[22m[1m[22m[2m │ gzip:   0.27 kB[22m
[2mdist/[22m[36massets/subset-worker.chunk-CcxISlOM.js           [39m[1m[2m    0.38 kB[22m[1m[22m[2m │ gzip:   0.29 kB[22m
[2mdist/[22m[36massets/stateDiagram-v2-BHNVJYJU-BhanMofw.js      [39m[1m[2m    0.39 kB[22m[1m[22m[2m │ gzip:   0.28 kB[22m
[2mdist/[22m[36massets/file-open-7c801643-684qeFg4.js            [39m[1m[2m    0.45 kB[22m[1m[22m[2m │ gzip:   0.32 kB[22m
[2mdist/[22m[36massets/classDiagram-4FO5ZUOK-ImReXvMp.js         [39m[1m[2m    0.46 kB[22m[1m[22m[2m │ gzip:   0.31 kB[22m
[2mdist/[22m[36massets/classDiagram-v2-Q7XG4LA2-ImReXvMp.js      [39m[1m[2m    0.46 kB[22m[1m[22m[2m │ gzip:   0.31 kB[22m
[2mdist/[22m[36massets/chunk-2J33WTMH-DBTrS37u.js                [39m[1m[2m    0.53 kB[22m[1m[22m[2m │ gzip:   0.37 kB[22m
[2mdist/[22m[36massets/file-open-002ab408-DIuFHtCF.js            [39m[1m[2m    0.54 kB[22m[1m[22m[2m │ gzip:   0.33 kB[22m
[2mdist/[22m[36massets/infoDiagram-5YYISTIA-DZzRj-46.js          [39m[1m[2m    0.58 kB[22m[1m[22m[2m │ gzip:   0.40 kB[22m
[2mdist/[22m[36massets/directory-open-01563666-DWU9wJ6I.js       [39m[1m[2m    0.59 kB[22m[1m[22m[2m │ gzip:   0.36 kB[22m
[2mdist/[22m[36massets/file-save-3189631c-C1wFhQhH.js            [39m[1m[2m    0.71 kB[22m[1m[22m[2m │ gzip:   0.46 kB[22m
[2mdist/[22m[36massets/file-save-745eba88-Bb9F9Kg7.js            [39m[1m[2m    0.87 kB[22m[1m[22m[2m │ gzip:   0.50 kB[22m
[2mdist/[22m[36massets/ordinal-Cboi1Yqb.js                       [39m[1m[2m    1.19 kB[22m[1m[22m[2m │ gzip:   0.57 kB[22m
[2mdist/[22m[36massets/directory-open-4ed118d0-CunoC1EB.js       [39m[1m[2m    1.55 kB[22m[1m[22m[2m │ gzip:   0.79 kB[22m
[2mdist/[22m[36massets/chunk-ND2GUHAM-Bbc4mw27.js                [39m[1m[2m    1.88 kB[22m[1m[22m[2m │ gzip:   0.83 kB[22m
[2mdist/[22m[36massets/diagram-5GNKFQAL-DA5HHjeL.js              [39m[1m[2m    2.76 kB[22m[1m[22m[2m │ gzip:   1.37 kB[22m
[2mdist/[22m[36massets/roundRect-0PYZxl1G.js                     [39m[1m[2m    3.05 kB[22m[1m[22m[2m │ gzip:   1.08 kB[22m
[2mdist/[22m[36massets/arc-BC-_5FmG.js                           [39m[1m[2m    3.42 kB[22m[1m[22m[2m │ gzip:   1.47 kB[22m
[2mdist/[22m[36massets/diagram-LMA3HP47-Da_7pGvd.js              [39m[1m[2m    4.24 kB[22m[1m[22m[2m │ gzip:   1.85 kB[22m
[2mdist/[22m[36massets/defaultLocale-CrowFXzY.js                 [39m[1m[2m    4.69 kB[22m[1m[22m[2m │ gzip:   2.18 kB[22m
[2mdist/[22m[36massets/pieDiagram-4H26LBE5-rqaAkeB_.js           [39m[1m[2m    5.32 kB[22m[1m[22m[2m │ gzip:   2.36 kB[22m
[2mdist/[22m[36massets/linear-B8uEf050.js                        [39m[1m[2m    5.65 kB[22m[1m[22m[2m │ gzip:   2.30 kB[22m
[2mdist/[22m[36massets/diagram-2AECGRRQ-BuMvNeUm.js              [39m[1m[2m    5.97 kB[22m[1m[22m[2m │ gzip:   2.51 kB[22m
[2mdist/[22m[36massets/si-LK-N5RQ5JYF-BZnyei3b.js                [39m[1m[2m    8.58 kB[22m[1m[22m[2m │ gzip:   3.34 kB[22m
[2mdist/[22m[36massets/az-AZ-76LH7QW2-DVl6t5wm.js                [39m[1m[2m    8.60 kB[22m[1m[22m[2m │ gzip:   3.56 kB[22m
[2mdist/[22m[36massets/zh-HK-E62DVLB3-1PApkrSk.js                [39m[1m[2m    9.08 kB[22m[1m[22m[2m │ gzip:   4.06 kB[22m
[2mdist/[22m[36massets/kk-KZ-P5N5QNE5-8Mmaz6Zr.js                [39m[1m[2m   10.12 kB[22m[1m[22m[2m │ gzip:   4.17 kB[22m
[2mdist/[22m[36massets/kaa-6HZHGXH3-D17dkhQb.js                  [39m[1m[2m   10.16 kB[22m[1m[22m[2m │ gzip:   4.15 kB[22m
[2mdist/[22m[36massets/stateDiagram-AJRCARHV-B4hqU6Ss.js         [39m[1m[2m   10.35 kB[22m[1m[22m[2m │ gzip:   3.61 kB[22m
[2mdist/[22m[36massets/diagram-KO2AKTUF-FbhfM0oJ.js              [39m[1m[2m   10.82 kB[22m[1m[22m[2m │ gzip:   4.17 kB[22m
[2mdist/[22m[36massets/dagre-BM42HDAG-tNxN4Y94.js                [39m[1m[2m   11.39 kB[22m[1m[22m[2m │ gzip:   4.20 kB[22m
[2mdist/[22m[36massets/lt-LT-XHIRWOB4-BOE_EPz0.js                [39m[1m[2m   12.50 kB[22m[1m[22m[2m │ gzip:   5.33 kB[22m
[2mdist/[22m[36massets/vi-VN-M7AON7JQ-B3g34Qdn.js                [39m[1m[2m   13.86 kB[22m[1m[22m[2m │ gzip:   5.76 kB[22m
[2mdist/[22m[36massets/da-DK-5WZEPLOC-DKEZPkWM.js                [39m[1m[2m   14.41 kB[22m[1m[22m[2m │ gzip:   6.03 kB[22m
[2mdist/[22m[36massets/th-TH-HPSO5L25-XloQg3xi.js                [39m[1m[2m   15.52 kB[22m[1m[22m[2m │ gzip:   5.17 kB[22m
[2mdist/[22m[36massets/diagram-OG6HWLK6-DAh-k_Cd.js              [39m[1m[2m   15.92 kB[22m[1m[22m[2m │ gzip:   5.69 kB[22m
[2mdist/[22m[36massets/nn-NO-6E72VCQL-2EHv94bg.js                [39m[1m[2m   15.95 kB[22m[1m[22m[2m │ gzip:   6.68 kB[22m
[2mdist/[22m[36massets/nl-NL-IS3SIHDZ-BSZRIV3J.js                [39m[1m[2m   16.72 kB[22m[1m[22m[2m │ gzip:   6.89 kB[22m
[2mdist/[22m[36massets/ishikawaDiagram-YF4QCWOH-CSgm61zK.js      [39m[1m[2m   17.57 kB[22m[1m[22m[2m │ gzip:   6.67 kB[22m
[2mdist/[22m[36massets/my-MM-5M5IBNSE-BzNfCC9o.js                [39m[1m[2m   17.57 kB[22m[1m[22m[2m │ gzip:   5.30 kB[22m
[2mdist/[22m[36massets/hu-HU-A5ZG7DT2-YGgEwmio.js                [39m[1m[2m   18.08 kB[22m[1m[22m[2m │ gzip:   7.56 kB[22m
[2mdist/[22m[36massets/fi-FI-Z5N7JZ37-CQpFKYWM.js                [39m[1m[2m   18.40 kB[22m[1m[22m[2m │ gzip:   7.49 kB[22m
[2mdist/[22m[36massets/kab-KAB-ZGHBKWFO-Dv4IVBdv.js              [39m[1m[2m   18.78 kB[22m[1m[22m[2m │ gzip:   7.50 kB[22m
[2mdist/[22m[36massets/zh-TW-RAJ6MFWO-BoyKbwn3.js                [39m[1m[2m   18.99 kB[22m[1m[22m[2m │ gzip:   8.84 kB[22m
[2mdist/[22m[36massets/zh-CN-LNUGB5OW-Che-P73e.js                [39m[1m[2m   19.05 kB[22m[1m[22m[2m │ gzip:   8.86 kB[22m
[2mdist/[22m[36massets/lv-LV-5QDEKY6T-D8ZtdJoW.js                [39m[1m[2m   19.13 kB[22m[1m[22m[2m │ gzip:   7.75 kB[22m
[2mdist/[22m[36massets/gl-ES-HMX3MZ6V-C9-eXEyy.js                [39m[1m[2m   19.38 kB[22m[1m[22m[2m │ gzip:   7.71 kB[22m
[2mdist/[22m[36massets/tr-TR-DEFEU3FU-DrRxNXlf.js                [39m[1m[2m   19.50 kB[22m[1m[22m[2m │ gzip:   7.94 kB[22m
[2mdist/[22m[36massets/cs-CZ-2BRQDIVT-CpBTYI28.js                [39m[1m[2m   19.52 kB[22m[1m[22m[2m │ gzip:   8.36 kB[22m
[2mdist/[22m[36massets/pt-PT-UZXXM6DQ-BU4DzsGo.js                [39m[1m[2m   19.65 kB[22m[1m[22m[2m │ gzip:   7.75 kB[22m
[2mdist/[22m[36massets/id-ID-SAP4L64H-Dd19BoWw.js                [39m[1m[2m   19.68 kB[22m[1m[22m[2m │ gzip:   7.66 kB[22m
[2mdist/[22m[36massets/ca-ES-6MX7JW3Y-DYxUWOEu.js                [39m[1m[2m   19.79 kB[22m[1m[22m[2m │ gzip:   7.87 kB[22m
[2mdist/[22m[36massets/oc-FR-POXYY2M6-B52oO9LO.js                [39m[1m[2m   19.84 kB[22m[1m[22m[2m │ gzip:   7.79 kB[22m
[2mdist/[22m[36massets/nb-NO-T6EIAALU-vVTNFn9I.js                [39m[1m[2m   20.10 kB[22m[1m[22m[2m │ gzip:   8.18 kB[22m
[2mdist/[22m[36massets/he-IL-6SHJWFNN-DYpCpRPo.js                [39m[1m[2m   20.32 kB[22m[1m[22m[2m │ gzip:   7.54 kB[22m
[2mdist/[22m[36massets/kanban-definition-UN3LZRKU-Bo5vBJz5.js    [39m[1m[2m   20.70 kB[22m[1m[22m[2m │ gzip:   7.29 kB[22m
[2mdist/[22m[36massets/bg-BG-XCXSNQG7-DJn6G8Yq.js                [39m[1m[2m   20.76 kB[22m[1m[22m[2m │ gzip:   7.36 kB[22m
[2mdist/[22m[36massets/pt-BR-5N22H2LF-DUWExfn2.js                [39m[1m[2m   21.04 kB[22m[1m[22m[2m │ gzip:   8.17 kB[22m
[2mdist/[22m[36massets/eu-ES-A7QVB2H4-RA5J6rj6.js                [39m[1m[2m   21.20 kB[22m[1m[22m[2m │ gzip:   8.19 kB[22m
[2mdist/[22m[36massets/es-ES-U4NZUMDT-DrMf_PMZ.js                [39m[1m[2m   21.35 kB[22m[1m[22m[2m │ gzip:   8.44 kB[22m
[2mdist/[22m[36massets/sl-SI-NN7IZMDC-Dyy9zNAK.js                [39m[1m[2m   21.36 kB[22m[1m[22m[2m │ gzip:   8.53 kB[22m
[2mdist/[22m[36massets/sv-SE-XGPEYMSR-CqnwrGOm.js                [39m[1m[2m   21.51 kB[22m[1m[22m[2m │ gzip:   8.53 kB[22m
[2mdist/[22m[36massets/it-IT-JPQ66NNP-DDzil-v8.js                [39m[1m[2m   22.06 kB[22m[1m[22m[2m │ gzip:   8.55 kB[22m
[2mdist/[22m[36massets/sk-SK-C5VTKIMK-COG4kodM.js                [39m[1m[2m   22.31 kB[22m[1m[22m[2m │ gzip:   9.06 kB[22m
[2mdist/[22m[36massets/pl-PL-T2D74RX3-DCdCgg7-.js                [39m[1m[2m   22.47 kB[22m[1m[22m[2m │ gzip:   9.19 kB[22m
[2mdist/[22m[36massets/ro-RO-JPDTUUEW-DXPBJSeB.js                [39m[1m[2m   23.14 kB[22m[1m[22m[2m │ gzip:   8.91 kB[22m
[2mdist/[22m[36massets/de-DE-XR44H4JA-DH2w-lYx.js                [39m[1m[2m   23.34 kB[22m[1m[22m[2m │ gzip:   8.95 kB[22m
[2mdist/[22m[36massets/mindmap-definition-RKZ34NQL-q6CYtUQg.js   [39m[1m[2m   23.36 kB[22m[1m[22m[2m │ gzip:   7.88 kB[22m
[2mdist/[22m[36massets/sankeyDiagram-5OEKKPKP-DC23hCcl.js        [39m[1m[2m   23.39 kB[22m[1m[22m[2m │ gzip:   8.58 kB[22m
[2mdist/[22m[36massets/ja-JP-DBVTYXUO-mUeKuOm4.js                [39m[1m[2m   23.40 kB[22m[1m[22m[2m │ gzip:   8.80 kB[22m
[2mdist/[22m[36massets/fr-FR-RHASNOE6-B1sqTo_d.js                [39m[1m[2m   23.44 kB[22m[1m[22m[2m │ gzip:   8.86 kB[22m
[2mdist/[22m[36massets/journeyDiagram-JHISSGLW-YcPm1M6f.js       [39m[1m[2m   23.57 kB[22m[1m[22m[2m │ gzip:   8.35 kB[22m
[2mdist/[22m[36massets/bn-BD-2XOGV67Q-Jvvb2lbi.js                [39m[1m[2m   23.60 kB[22m[1m[22m[2m │ gzip:   6.68 kB[22m
[2mdist/[22m[36massets/ko-KR-MTYHY66A-B1r3XLA-.js                [39m[1m[2m   23.88 kB[22m[1m[22m[2m │ gzip:   9.15 kB[22m
[2mdist/[22m[36massets/graph-BEmEBUp_.js                         [39m[1m[2m   23.95 kB[22m[1m[22m[2m │ gzip:   8.32 kB[22m
[2mdist/[22m[36massets/fa-IR-HGAKTJCU-2JuEgFEE.js                [39m[1m[2m   24.24 kB[22m[1m[22m[2m │ gzip:   8.44 kB[22m
[2mdist/[22m[36massets/ar-SA-G6X2FPQ2-vVUwzS8i.js                [39m[1m[2m   25.66 kB[22m[1m[22m[2m │ gzip:   9.11 kB[22m
[2mdist/[22m[36massets/wardleyDiagram-YWT4CUSO-rBhR39Pp.js       [39m[1m[2m   26.10 kB[22m[1m[22m[2m │ gzip:   6.93 kB[22m
[2mdist/[22m[36massets/erDiagram-TEJ5UH35-CYHiujW6.js            [39m[1m[2m   26.98 kB[22m[1m[22m[2m │ gzip:   9.37 kB[22m
[2mdist/[22m[36massets/pa-IN-N4M65BXN-Cm3bc5wO.js                [39m[1m[2m   27.97 kB[22m[1m[22m[2m │ gzip:   7.96 kB[22m
[2mdist/[22m[36massets/ku-TR-6OUDTVRD-3iutphIr.js                [39m[1m[2m   29.32 kB[22m[1m[22m[2m │ gzip:   9.25 kB[22m
[2mdist/[22m[36massets/el-GR-BZB4AONW-BWGVo0cE.js                [39m[1m[2m   29.67 kB[22m[1m[22m[2m │ gzip:   9.59 kB[22m
[2mdist/[22m[36massets/gitGraphDiagram-PVQCEYII-B7A43iZ2.js      [39m[1m[2m   29.94 kB[22m[1m[22m[2m │ gzip:   8.88 kB[22m
[2mdist/[22m[36massets/ru-RU-B4JR7IUQ-khWty6_o.js                [39m[1m[2m   30.74 kB[22m[1m[22m[2m │ gzip:   9.88 kB[22m
[2mdist/[22m[36massets/requirementDiagram-4Y6WPE33-DdoClDS0.js   [39m[1m[2m   31.21 kB[22m[1m[22m[2m │ gzip:   9.81 kB[22m
[2mdist/[22m[36massets/timeline-definition-PNZ67QCA-BBE6-hMb.js  [39m[1m[2m   31.35 kB[22m[1m[22m[2m │ gzip:  10.42 kB[22m
[2mdist/[22m[36massets/uk-UA-QMV73CPH-DsdEcXwR.js                [39m[1m[2m   31.64 kB[22m[1m[22m[2m │ gzip:  10.10 kB[22m
[2mdist/[22m[36massets/hi-IN-IWLTKZ5I-CV00I1UR.js                [39m[1m[2m   32.35 kB[22m[1m[22m[2m │ gzip:   9.14 kB[22m
[2mdist/[22m[36massets/pica-DQqaaLg9.js                          [39m[1m[2m   32.64 kB[22m[1m[22m[2m │ gzip:  13.00 kB[22m
[2mdist/[22m[36massets/quadrantDiagram-W4KKPZXB-D3um8Dnk.js      [39m[1m[2m   34.51 kB[22m[1m[22m[2m │ gzip:  10.13 kB[22m
[2mdist/[22m[36massets/ta-IN-2NMHFXQM-CWM2-G8K.js                [39m[1m[2m   35.26 kB[22m[1m[22m[2m │ gzip:   8.55 kB[22m
[2mdist/[22m[36massets/layout-Bw0msyOw.js                        [39m[1m[2m   35.83 kB[22m[1m[22m[2m │ gzip:  12.87 kB[22m
[2mdist/[22m[36massets/km-KH-HSX4SM5Z-D-3zpTv3.js                [39m[1m[2m   36.64 kB[22m[1m[22m[2m │ gzip:   9.28 kB[22m
[2mdist/[22m[36massets/chunk-AQP2D5EJ-yOvPNdis.js                [39m[1m[2m   37.57 kB[22m[1m[22m[2m │ gzip:  12.24 kB[22m
[2mdist/[22m[36massets/xychartDiagram-2RQKCTM6-CTjX2V8r.js       [39m[1m[2m   40.40 kB[22m[1m[22m[2m │ gzip:  11.55 kB[22m
[2mdist/[22m[36massets/vennDiagram-CIIHVFJN-BrZJl-FD.js          [39m[1m[2m   41.84 kB[22m[1m[22m[2m │ gzip:  15.58 kB[22m
[2mdist/[22m[36massets/mr-IN-CRQNXWMA-B-n5dvyZ.js                [39m[1m[2m   42.24 kB[22m[1m[22m[2m │ gzip:  10.68 kB[22m
[2mdist/[22m[36massets/image-blob-reduce.esm-HwCm7IZ0.js         [39m[1m[2m   45.93 kB[22m[1m[22m[2m │ gzip:  16.78 kB[22m
[2mdist/[22m[36massets/chunk-727SXJPM-BZl-tGJN.js                [39m[1m[2m   49.07 kB[22m[1m[22m[2m │ gzip:  15.74 kB[22m
[2mdist/[22m[36massets/flowDiagram-I6XJVG4X-BFQOCN-8.js          [39m[1m[2m   61.19 kB[22m[1m[22m[2m │ gzip:  19.52 kB[22m
[2mdist/[22m[36massets/ganttDiagram-6RSMTGT7-BT-eX9vi.js         [39m[1m[2m   69.55 kB[22m[1m[22m[2m │ gzip:  23.47 kB[22m
[2mdist/[22m[36massets/c4Diagram-AAUBKEIU-CfhzbLhp.js            [39m[1m[2m   69.97 kB[22m[1m[22m[2m │ gzip:  19.65 kB[22m
[2mdist/[22m[36massets/blockDiagram-GPEHLZMM-F1RwkAgB.js         [39m[1m[2m   75.10 kB[22m[1m[22m[2m │ gzip:  21.59 kB[22m
[2mdist/[22m[36massets/cose-bilkent-S5V4N54A-1YYSH5gF.js         [39m[1m[2m   81.71 kB[22m[1m[22m[2m │ gzip:  22.47 kB[22m
[2mdist/[22m[36massets/sequenceDiagram-3UESZ5HK-4P6Amamo.js      [39m[1m[2m  117.33 kB[22m[1m[22m[2m │ gzip:  31.18 kB[22m
[2mdist/[22m[36massets/architectureDiagram-3BPJPVTR-CpOtC5gm.js  [39m[1m[2m  149.76 kB[22m[1m[22m[2m │ gzip:  42.32 kB[22m
[2mdist/[22m[36massets/katex-C5jXJg4s.js                         [39m[1m[2m  261.33 kB[22m[1m[22m[2m │ gzip:  77.57 kB[22m
[2mdist/[22m[36massets/cytoscape.esm-LDYqcvCF.js                 [39m[1m[2m  442.60 kB[22m[1m[22m[2m │ gzip: 141.99 kB[22m
[2mdist/[22m[36massets/wardley-L42UT6IY-CJxu8Ghb.js              [39m[1m[33m  615.46 kB[39m[22m[2m │ gzip: 148.57 kB[22m
[2mdist/[22m[36massets/index-B993FTz9.js                         [39m[1m[33m  674.55 kB[39m[22m[2m │ gzip: 166.35 kB[22m
[2mdist/[22m[36massets/index-Cp6zx49W.js                         [39m[1m[33m1,314.60 kB[39m[22m[2m │ gzip: 429.63 kB[22m
[2mdist/[22m[36massets/subset-shared.chunk-iONcCdB5.js           [39m[1m[33m1,823.50 kB[39m[22m[2m │ gzip: 736.83 kB[22m
[33m
(!) Some chunks are larger than 500 kB after minification. Consider:
- Using dynamic import() to code-split the application
- Use build.rollupOptions.output.manualChunks to improve chunking: https://rollupjs.org/configuration-options/#output-manualchunks
- Adjust chunk size limit for this warning via build.chunkSizeWarningLimit.[39m
[32m✓ built in 38.42s[39m

PWA v1.3.0
mode      generateSW
precache  122 entries (7541.37 KiB)
files generated
  dist/sw.js
  dist/workbox-2fbc6a65.js
   Compiling windows_x86_64_msvc v0.53.1
   Compiling rfd v0.16.0
   Compiling tauri-plugin v2.6.2
   Compiling windows-targets v0.53.5
   Compiling windows-sys v0.60.2
   Compiling tauri-plugin-fs v2.5.1
   Compiling tauri-plugin-dialog v2.7.1
   Compiling sihui v0.1.0 (D:\project\other\baiban\src-tauri)
    Finished `release` profile [optimized] target(s) in 2m 00s
       Built application at: D:\project\other\baiban\src-tauri\target\release\sihui.exe
        Info Patching D:\project\other\baiban\src-tauri\target\release\sihui.exe with bundle type information: nsis
        Info Target: x64
     Running makensis to produce D:\project\other\baiban\src-tauri\target\release\bundle\nsis\sihui_0.1.0_x64-setup.exe
    Finished 1 bundle at:
        D:\project\other\baiban\src-tauri\target\release\bundle\nsis\sihui_0.1.0_x64-setup.exe

